SF:lib/data/api/api_client.dart
DA:17,0
LF:1
LH:0
end_of_record
SF:lib/data/api/api_client.g.dart
DA:12,0
DA:21,0
DA:23,0
DA:24,0
DA:25,0
DA:26,0
DA:28,0
DA:33,0
DA:34,0
DA:39,0
DA:40,0
DA:41,0
DA:42,0
DA:44,0
DA:48,0
DA:50,0
DA:51,0
DA:52,0
DA:53,0
DA:55,0
DA:60,0
DA:61,0
DA:66,0
DA:67,0
DA:68,0
DA:69,0
DA:71,0
DA:75,0
DA:77,0
DA:78,0
DA:79,0
DA:80,0
DA:82,0
DA:87,0
DA:88,0
DA:93,0
DA:94,0
DA:95,0
DA:96,0
DA:100,0
DA:107,0
DA:108,0
DA:109,0
DA:110,0
DA:111,0
DA:112,0
DA:116,0
DA:120,0
DA:125,0
DA:127,0
DA:128,0
DA:129,0
DA:133,0
DA:139,0
DA:140,0
DA:145,0
DA:146,0
DA:147,0
DA:148,0
DA:152,0
DA:154,0
DA:155,0
DA:156,0
DA:157,0
DA:159,0
DA:164,0
DA:165,0
DA:170,0
DA:171,0
DA:172,0
DA:173,0
DA:177,0
DA:179,0
DA:180,0
DA:181,0
DA:183,0
DA:188,0
DA:189,0
DA:194,0
DA:195,0
DA:196,0
DA:197,0
DA:199,0
DA:203,0
DA:204,0
DA:205,0
DA:206,0
DA:207,0
DA:209,0
DA:215,0
DA:219,0
DA:223,0
DA:225,0
DA:226,0
DA:229,0
LF:95
LH:0
end_of_record
SF:lib/data/api/osm_client.dart
DA:13,0
LF:1
LH:0
end_of_record
SF:lib/data/api/osm_client.g.dart
DA:12,0
DA:21,0
DA:31,0
DA:32,0
DA:41,0
DA:43,0
DA:48,0
DA:49,0
DA:54,0
DA:55,0
DA:56,0
DA:57,0
DA:59,0
DA:63,0
DA:64,0
DA:65,0
DA:66,0
DA:67,0
DA:69,0
DA:75,0
DA:79,0
DA:83,0
DA:85,0
DA:86,0
DA:89,0
LF:25
LH:0
end_of_record
SF:lib/data/dto/expenses/expense_dto.dart
DA:18,0
DA:20,0
DA:21,0
DA:22,0
DA:23,0
DA:24,0
DA:25,0
DA:26,0
LF:8
LH:0
end_of_record
SF:lib/data/dto/expenses/expense_dto.g.dart
DA:9,0
DA:10,0
DA:11,0
DA:12,0
DA:13,0
DA:14,0
DA:17,0
DA:18,0
DA:19,0
DA:20,0
DA:21,0
DA:22,0
LF:12
LH:0
end_of_record
SF:lib/data/dto/osm_map/osm_response_dto.dart
DA:14,0
DA:24,0
LF:2
LH:0
end_of_record
SF:lib/data/dto/osm_map/osm_response_dto.g.dart
DA:9,0
DA:10,0
DA:13,0
DA:14,0
DA:17,0
DA:18,0
DA:19,0
DA:22,0
DA:23,0
DA:24,0
LF:10
LH:0
end_of_record
SF:lib/data/dto/trips/create_trip_dto.dart
DA:19,0
DA:21,0
DA:22,0
DA:23,0
DA:24,0
DA:25,0
DA:26,0
DA:27,0
DA:28,0
DA:29,0
LF:10
LH:0
end_of_record
SF:lib/data/dto/trips/create_trip_dto.g.dart
DA:9,0
DA:10,0
DA:11,0
DA:12,0
DA:13,0
DA:14,0
DA:15,0
DA:16,0
DA:19,0
DA:20,0
DA:21,0
DA:22,0
DA:23,0
DA:24,0
DA:25,0
DA:26,0
LF:16
LH:0
end_of_record
SF:lib/data/dto/user/create_account_dto.dart
DA:16,0
DA:18,0
DA:19,0
DA:20,0
DA:21,0
LF:5
LH:0
end_of_record
SF:lib/data/dto/user/create_account_dto.g.dart
DA:9,0
DA:10,0
DA:11,0
DA:14,0
DA:15,0
DA:16,0
LF:6
LH:0
end_of_record
SF:lib/data/dto/user/login_dto.dart
DA:16,0
DA:18,0
DA:19,0
DA:20,0
DA:21,0
LF:5
LH:0
end_of_record
SF:lib/data/dto/user/login_dto.g.dart
DA:9,0
DA:10,0
DA:11,0
DA:14,0
DA:15,0
DA:16,0
LF:6
LH:0
end_of_record
SF:lib/data/dto/user/update_user_profile_dto.dart
DA:19,0
DA:21,0
DA:22,0
DA:23,0
DA:24,0
DA:25,0
DA:26,0
LF:7
LH:0
end_of_record
SF:lib/data/dto/user/update_user_profile_dto.g.dart
DA:9,0
DA:10,0
DA:11,0
DA:12,0
DA:15,0
DA:16,0
DA:17,0
DA:18,0
LF:8
LH:0
end_of_record
SF:lib/domain/entities/expenses/expense_entity.dart
DA:16,0
DA:17,0
DA:18,0
DA:19,0
DA:20,0
DA:21,0
DA:22,0
LF:7
LH:0
end_of_record
SF:lib/domain/entities/osm_map/place_entity.dart
DA:22,0
DA:23,0
DA:24,0
DA:25,0
DA:26,0
DA:27,0
DA:28,0
DA:29,0
LF:8
LH:0
end_of_record
SF:lib/domain/entities/user/create_account_entity.dart
DA:14,0
DA:15,0
DA:16,0
LF:3
LH:0
end_of_record
SF:lib/domain/entities/user/login_entity.dart
DA:14,0
LF:1
LH:0
end_of_record
SF:lib/domain/use_case/add_expense_use_case.dart
DA:11,0
DA:15,0
DA:17,0
LF:3
LH:0
end_of_record
SF:lib/domain/use_case/create_account_use_case.dart
DA:12,0
DA:16,0
DA:18,0
LF:3
LH:0
end_of_record
SF:lib/domain/use_case/create_trip_use_case.dart
DA:11,0
DA:15,0
DA:17,0
DA:19,0
LF:4
LH:0
end_of_record
SF:lib/domain/use_case/location_suggestions_use_case.dart
DA:10,0
DA:14,0
DA:16,0
DA:18,0
DA:20,0
DA:22,0
DA:24,0
DA:25,0
DA:26,0
DA:30,0
LF:10
LH:0
end_of_record
SF:lib/domain/use_case/login_use_case.dart
DA:12,0
DA:16,0
DA:18,0
LF:3
LH:0
end_of_record
SF:lib/domain/use_case/update_user_profile_use_case.dart
DA:12,0
DA:16,0
DA:18,0
LF:3
LH:0
end_of_record
SF:lib/domain/utils/shared_prefs_utils.dart
DA:6,0
DA:10,0
DA:12,0
DA:14,0
LF:4
LH:0
end_of_record
SF:lib/presentation/pages/authentication_page/authentication_page.dart
DA:18,0
DA:25,0
DA:27,0
DA:29,0
DA:31,0
DA:32,0
DA:33,0
DA:34,0
DA:35,0
DA:37,0
DA:39,0
DA:40,0
DA:51,2
DA:53,0
DA:54,0
DA:62,0
DA:63,0
DA:64,0
DA:65,0
DA:66,0
DA:70,0
DA:72,0
DA:73,0
DA:74,0
DA:75,0
DA:76,0
DA:77,0
DA:78,0
DA:79,0
DA:81,0
DA:82,0
DA:83,0
DA:84,0
DA:86,0
LF:34
LH:1
end_of_record
SF:lib/presentation/pages/authentication_page/bloc/authentication_bloc.dart
DA:19,0
DA:20,0
DA:21,0
DA:27,0
DA:31,0
DA:32,0
DA:33,0
DA:34,0
DA:35,0
DA:39,0
DA:40,0
DA:41,0
DA:42,0
DA:43,0
DA:44,0
LF:15
LH:0
end_of_record
SF:lib/presentation/pages/authentication_page/bloc/authentication_event.dart
DA:4,0
DA:6,0
DA:7,0
DA:11,0
DA:19,0
DA:20,0
DA:24,0
DA:34,0
DA:35,0
LF:9
LH:0
end_of_record
SF:lib/presentation/pages/create_expenses_page/bloc/create_expenses_bloc.dart
DA:11,0
DA:12,0
DA:17,0
DA:18,0
DA:19,0
DA:20,0
DA:21,0
DA:22,0
DA:23,0
DA:24,0
DA:28,0
DA:29,0
DA:30,0
LF:13
LH:0
end_of_record
SF:lib/presentation/pages/create_expenses_page/bloc/create_expenses_event.dart
DA:4,0
DA:6,0
DA:7,0
DA:11,0
DA:25,0
DA:26,0
LF:6
LH:0
end_of_record
SF:lib/presentation/pages/create_trip_page/bloc/create_trip_event.dart
DA:4,0
DA:6,0
DA:7,0
DA:11,0
DA:29,0
DA:30,0
DA:31,0
DA:32,0
DA:33,0
DA:34,0
DA:35,0
DA:36,0
DA:37,0
LF:13
LH:0
end_of_record
SF:lib/presentation/pages/create_trip_page/bloc/create_trip_bloc.dart
DA:12,0
DA:13,0
DA:18,0
DA:19,0
DA:20,0
DA:21,0
DA:22,0
DA:23,0
DA:24,0
DA:25,0
DA:26,0
DA:27,0
DA:30,0
DA:31,0
DA:32,0
LF:15
LH:0
end_of_record
SF:lib/presentation/pages/new_trip_page/bloc/new_trip_bloc.dart
DA:10,0
DA:11,0
DA:16,0
DA:17,0
DA:18,0
DA:19,0
DA:20,0
DA:21,0
DA:22,0
DA:23,0
DA:24,0
DA:25,0
DA:28,0
DA:29,0
DA:30,0
LF:15
LH:0
end_of_record
SF:lib/presentation/pages/new_trip_page/bloc/new_trip_event.dart
DA:4,0
DA:6,0
DA:7,0
DA:11,0
LF:4
LH:0
end_of_record
SF:lib/presentation/pages/welcome_page/bloc/update_user_profile_event.dart
DA:4,2
DA:6,0
DA:7,0
DA:11,2
DA:23,0
DA:24,0
DA:25,0
DA:26,0
DA:27,0
DA:28,0
LF:10
LH:2
end_of_record
SF:lib/presentation/pages/welcome_page/bloc/update_user_profile_bloc.dart
DA:20,2
DA:21,2
DA:26,1
DA:30,1
DA:31,1
DA:32,1
DA:33,1
DA:34,1
DA:37,2
DA:39,1
DA:40,4
DA:41,2
LF:12
LH:12
end_of_record
SF:lib/presentation/utils/permissions/bloc/permissions_event.dart
DA:4,0
DA:6,0
DA:7,0
DA:11,0
DA:15,0
DA:16,0
DA:20,0
DA:24,0
DA:25,0
LF:9
LH:0
end_of_record
SF:lib/presentation/utils/permissions/bloc/permissions_bloc.dart
DA:18,0
DA:19,0
DA:20,0
DA:25,0
DA:26,0
DA:28,0
DA:29,0
DA:30,0
DA:32,0
DA:35,0
DA:39,0
DA:40,0
DA:42,0
DA:43,0
DA:44,0
DA:45,0
DA:46,0
DA:49,0
DA:53,0
DA:54,0
DA:55,0
LF:21
LH:0
end_of_record
SF:lib/presentation/utils/permissions/permission_service.dart
DA:8,0
DA:9,0
DA:13,0
DA:14,0
DA:18,0
DA:19,0
LF:6
LH:0
end_of_record
SF:lib/presentation/widgets/m3_widgets/maps/osm_bloc/osm_suggestions_cubit.dart
DA:14,0
DA:17,0
DA:18,0
DA:19,0
DA:20,0
DA:21,0
DA:22,0
DA:24,0
DA:25,0
LF:9
LH:0
end_of_record
SF:lib/presentation/utils/enums/errors.dart
DA:22,1
DA:24,1
DA:25,0
DA:26,1
DA:27,0
DA:28,1
DA:29,0
DA:30,1
DA:31,0
DA:32,1
DA:33,0
DA:34,1
DA:35,0
DA:36,1
DA:37,0
DA:38,1
DA:39,0
DA:40,1
DA:41,0
DA:42,1
DA:43,0
DA:44,1
DA:45,0
DA:46,1
DA:47,0
DA:48,1
DA:49,0
DA:50,1
DA:51,2
DA:53,0
LF:30
LH:16
end_of_record
SF:lib/data/dto/osm_map/geometry_dto.dart
DA:13,0
LF:1
LH:0
end_of_record
SF:lib/data/dto/osm_map/geometry_dto.g.dart
DA:9,0
DA:10,0
DA:13,0
DA:14,0
LF:4
LH:0
end_of_record
SF:lib/data/dto/osm_map/place_address_dto.dart
DA:23,0
LF:1
LH:0
end_of_record
SF:lib/data/dto/osm_map/place_address_dto.g.dart
DA:9,0
DA:10,0
DA:11,0
DA:12,0
DA:13,0
DA:14,0
DA:15,0
DA:16,0
DA:17,0
DA:18,0
DA:19,0
DA:20,0
DA:23,0
DA:24,0
DA:25,0
DA:26,0
DA:27,0
DA:28,0
DA:29,0
DA:30,0
DA:31,0
DA:32,0
DA:33,0
DA:34,0
LF:24
LH:0
end_of_record
SF:lib/data/dto/osm_map/place_dto.dart
DA:20,0
LF:1
LH:0
end_of_record
SF:lib/data/dto/osm_map/place_dto.g.dart
DA:9,0
DA:10,0
DA:11,0
DA:12,0
DA:13,0
DA:14,0
DA:16,0
DA:19,0
DA:20,0
DA:21,0
DA:22,0
DA:23,0
DA:24,0
DA:25,0
LF:14
LH:0
end_of_record
SF:lib/data/dto/osm_map/place_extra_tags_dto.dart
DA:24,0
LF:1
LH:0
end_of_record
SF:lib/data/dto/osm_map/place_extra_tags_dto.g.dart
DA:9,0
DA:10,0
DA:11,0
DA:12,0
DA:13,0
DA:14,0
DA:15,0
DA:16,0
DA:17,0
DA:18,0
DA:19,0
DA:20,0
DA:21,0
DA:24,0
DA:25,0
DA:26,0
DA:27,0
DA:28,0
DA:29,0
DA:30,0
DA:31,0
DA:32,0
DA:33,0
DA:34,0
DA:35,0
DA:36,0
LF:26
LH:0
end_of_record
SF:lib/domain/entities/osm_map/coordinates_entity.dart
DA:13,0
DA:14,0
DA:15,0
LF:3
LH:0
end_of_record
SF:lib/domain/entities/osm_map/place_address_entity.dart
DA:20,0
DA:21,0
DA:22,0
DA:23,0
DA:24,0
DA:25,0
DA:26,0
DA:27,0
DA:28,0
DA:29,0
LF:10
LH:0
end_of_record
SF:lib/domain/entities/osm_map/place_extra_tags_entity.dart
DA:23,0
DA:24,0
DA:25,0
DA:26,0
DA:27,0
DA:28,0
DA:29,0
DA:30,0
DA:31,0
DA:32,0
DA:33,0
DA:34,0
DA:35,0
LF:13
LH:0
end_of_record
SF:lib/presentation/pages/profile_page/profile_page.dart
DA:14,2
DA:16,0
DA:18,0
DA:19,0
DA:30,0
DA:32,0
DA:33,0
DA:45,0
LF:8
LH:1
end_of_record
SF:lib/presentation/pages/profile_page/widgets/row_of_trips_widget.dart
DA:8,0
DA:37,0
DA:39,0
DA:41,0
DA:46,0
DA:47,0
DA:48,0
DA:49,0
DA:50,0
DA:51,0
LF:10
LH:0
end_of_record
SF:lib/presentation/pages/profile_page/widgets/user_info_card_widget.dart
DA:9,4
DA:20,0
DA:22,0
DA:23,0
DA:24,0
DA:25,0
DA:27,0
DA:28,0
DA:30,0
DA:32,0
DA:35,0
DA:36,0
DA:50,0
DA:52,0
DA:54,0
DA:55,0
DA:56,0
DA:57,0
DA:58,0
LF:19
LH:1
end_of_record
SF:lib/presentation/pages/profile_page/widgets/user_social_stats_widget.dart
DA:7,2
DA:18,0
DA:20,0
DA:22,0
DA:23,0
DA:24,0
DA:25,0
DA:30,0
DA:32,0
DA:34,0
DA:35,0
DA:36,0
DA:37,0
DA:38,0
DA:39,0
DA:42,0
DA:43,0
DA:44,0
DA:48,0
DA:49,0
DA:50,0
DA:51,0
DA:52,0
DA:55,0
DA:56,0
DA:57,0
DA:61,0
DA:62,0
DA:63,0
DA:64,0
DA:65,0
DA:68,0
DA:69,0
DA:70,0
LF:34
LH:1
end_of_record
SF:lib/presentation/theme/app_dimensions.dart
DA:2,0
LF:1
LH:0
end_of_record
SF:lib/presentation/theme/app_paths.dart
DA:2,0
LF:1
LH:0
end_of_record
SF:lib/presentation/utils/enums/context_extensions.dart
DA:5,0
DA:7,0
DA:9,2
DA:11,3
DA:13,3
DA:15,2
DA:17,0
LF:7
LH:4
end_of_record
SF:lib/presentation/widgets/m3_widgets/navigation_app_bar.dart
DA:6,0
DA:17,0
DA:19,0
DA:20,0
DA:22,0
DA:23,0
DA:25,0
DA:26,0
DA:27,0
DA:32,0
LF:10
LH:0
end_of_record
SF:lib/presentation/widgets/m3_widgets/svg_asset.dart
DA:5,10
DA:18,1
DA:19,1
DA:20,1
DA:21,1
DA:22,1
DA:23,1
LF:7
LH:7
end_of_record
SF:lib/presentation/pages/profile_page/widgets/profile_page_trip_card.dart
DA:9,0
DA:18,0
DA:20,0
DA:21,0
DA:22,0
DA:24,0
DA:25,0
DA:27,0
DA:28,0
DA:29,0
DA:34,0
DA:35,0
DA:36,0
DA:38,0
DA:39,0
DA:40,0
DA:44,0
DA:45,0
LF:18
LH:0
end_of_record
SF:lib/presentation/pages/profile_page/widgets/trip_social_stats.dart
DA:7,2
DA:9,0
LF:2
LH:1
end_of_record
SF:lib/presentation/pages/profile_page/widgets/trip_social_icon.dart
DA:8,2
DA:17,0
DA:19,0
DA:20,0
DA:21,0
DA:23,0
DA:24,0
DA:25,0
LF:8
LH:1
end_of_record
SF:lib/presentation/theme/app_colors.dart
DA:6,0
DA:21,0
DA:79,0
LF:3
LH:0
end_of_record
SF:lib/presentation/theme/theme.dart
DA:4,2
DA:8,1
DA:63,1
DA:64,3
DA:67,0
DA:122,0
DA:123,0
DA:126,2
DA:128,1
DA:130,2
DA:131,1
DA:132,1
DA:134,1
DA:135,1
DA:138,0
DA:142,2
DA:248,1
DA:249,1
DA:250,1
DA:251,1
DA:252,1
DA:253,1
DA:254,1
DA:255,1
DA:256,1
DA:257,1
DA:258,1
DA:259,1
DA:260,1
DA:261,1
DA:262,1
DA:263,1
DA:264,1
DA:265,1
DA:266,1
DA:267,1
DA:268,1
DA:269,1
DA:270,1
DA:271,1
DA:272,1
DA:273,1
DA:274,1
DA:275,1
DA:276,1
DA:277,1
DA:283,0
DA:305,0
LF:48
LH:42
end_of_record
SF:lib/presentation/theme/theme_manager.dart
DA:15,0
DA:16,0
DA:17,0
DA:21,0
DA:22,0
DA:266,0
DA:268,0
DA:269,0
DA:270,0
DA:271,0
DA:279,0
DA:281,0
DA:298,0
DA:299,0
DA:300,0
DA:301,0
DA:302,0
DA:303,0
DA:304,0
DA:309,0
DA:310,0
DA:311,0
DA:312,0
DA:313,0
DA:314,0
DA:315,0
DA:320,0
DA:324,0
DA:326,0
DA:343,0
DA:364,0
DA:368,0
DA:370,0
DA:374,0
DA:379,0
DA:381,0
DA:382,0
DA:401,2
LF:38
LH:1
end_of_record
SF:lib/presentation/utils/translation/generated/l10n.dart
DA:16,1
DA:20,0
DA:21,0
DA:28,1
DA:29,1
DA:30,0
DA:31,1
DA:32,1
DA:33,3
DA:34,1
DA:35,1
DA:42,1
DA:43,1
DA:44,1
DA:49,1
DA:50,1
DA:54,1
DA:55,1
DA:59,1
DA:64,1
DA:65,1
DA:69,1
DA:74,0
DA:75,0
DA:79,0
DA:84,0
DA:85,0
DA:89,0
DA:94,0
DA:95,0
DA:99,0
DA:104,0
DA:105,0
DA:109,0
DA:114,0
DA:115,0
DA:119,0
DA:124,0
DA:125,0
DA:129,0
DA:134,0
DA:135,0
DA:139,0
DA:144,0
DA:145,0
DA:149,0
DA:154,1
DA:155,1
DA:159,1
DA:164,1
DA:165,1
DA:169,1
DA:174,1
DA:175,1
DA:179,1
DA:184,1
DA:185,1
DA:189,1
DA:194,1
DA:195,1
DA:199,1
DA:204,1
DA:205,1
DA:209,1
DA:214,1
DA:215,1
DA:219,1
DA:224,0
DA:225,0
DA:229,0
DA:234,0
DA:235,0
DA:239,0
DA:244,0
DA:245,0
DA:249,0
DA:254,0
DA:255,0
DA:259,0
DA:264,0
DA:265,0
DA:269,0
DA:274,0
DA:275,0
DA:279,0
DA:284,1
DA:285,1
DA:289,1
DA:294,1
DA:295,1
DA:299,1
DA:304,0
DA:305,0
DA:309,0
DA:314,0
DA:315,0
DA:319,0
DA:324,1
DA:325,1
DA:329,1
DA:334,1
DA:335,1
DA:339,1
DA:344,0
DA:345,0
DA:349,0
DA:354,0
DA:355,0
DA:359,0
DA:364,0
DA:365,0
DA:369,0
DA:374,0
DA:375,0
DA:379,0
DA:384,0
DA:385,0
DA:389,0
DA:394,0
DA:395,0
DA:399,0
DA:404,0
DA:405,0
DA:409,0
DA:414,0
DA:415,0
DA:419,0
DA:424,0
DA:425,0
DA:429,0
DA:434,0
DA:435,0
DA:439,0
DA:444,0
DA:445,0
DA:449,0
DA:454,0
DA:455,0
DA:459,0
DA:464,0
DA:465,0
DA:469,0
DA:474,0
DA:475,0
DA:479,0
DA:484,0
DA:485,0
DA:489,0
DA:494,0
DA:495,0
DA:499,0
DA:504,0
DA:505,0
DA:509,0
DA:514,0
DA:515,0
DA:519,0
DA:524,0
DA:525,0
DA:529,0
DA:534,0
DA:535,0
DA:539,0
DA:544,0
DA:545,0
DA:549,0
DA:554,0
DA:555,0
DA:559,0
DA:564,0
DA:565,0
DA:569,0
DA:574,0
DA:575,0
DA:579,0
DA:584,0
DA:585,0
DA:589,0
DA:594,0
DA:595,0
DA:599,0
DA:604,0
DA:605,0
DA:609,0
DA:614,0
DA:615,0
DA:619,0
DA:624,0
DA:625,0
DA:629,0
DA:634,0
DA:635,0
DA:639,0
DA:644,0
DA:645,0
DA:649,0
DA:654,0
DA:655,0
DA:659,0
DA:664,0
DA:665,0
DA:669,0
DA:674,0
DA:675,0
DA:679,0
DA:684,0
DA:685,0
DA:689,0
DA:694,0
DA:695,0
DA:699,0
DA:704,0
DA:705,0
DA:709,0
DA:714,0
DA:715,0
DA:719,0
DA:724,0
DA:725,0
DA:729,0
DA:734,0
DA:735,0
DA:739,0
DA:744,0
DA:745,0
DA:749,0
DA:754,1
DA:755,1
DA:759,1
DA:764,0
DA:765,0
DA:769,0
DA:774,0
DA:775,0
DA:779,0
DA:784,0
DA:785,0
DA:789,0
DA:794,0
DA:795,0
DA:799,0
DA:804,0
DA:805,0
DA:809,0
DA:814,0
DA:815,0
DA:819,0
DA:824,0
DA:825,0
DA:829,0
DA:834,0
DA:835,0
DA:839,0
DA:844,0
DA:845,0
DA:849,0
DA:854,0
DA:855,0
DA:859,0
DA:864,0
DA:865,0
DA:869,0
DA:874,0
DA:875,0
DA:879,0
DA:884,0
DA:885,0
DA:889,0
DA:894,0
DA:895,0
DA:899,0
DA:904,0
DA:905,0
DA:909,0
DA:914,0
DA:915,0
DA:919,0
DA:924,0
DA:925,0
DA:929,0
DA:934,0
DA:935,0
DA:939,0
DA:944,0
DA:945,0
DA:949,0
DA:954,0
DA:955,0
DA:959,0
DA:964,0
DA:965,0
DA:969,0
DA:974,0
DA:975,0
DA:979,0
DA:984,0
DA:985,0
DA:989,0
DA:994,0
DA:995,0
DA:999,0
DA:1004,0
DA:1005,0
DA:1009,0
DA:1014,0
DA:1015,0
DA:1019,0
DA:1024,0
DA:1025,0
DA:1029,0
DA:1034,0
DA:1035,0
DA:1039,0
DA:1044,0
DA:1045,0
DA:1049,0
DA:1054,0
DA:1055,0
DA:1059,0
DA:1064,0
DA:1065,0
DA:1069,0
DA:1074,0
DA:1075,0
DA:1079,0
DA:1084,0
DA:1085,0
DA:1089,0
DA:1094,0
DA:1095,0
DA:1099,0
DA:1104,0
DA:1105,0
DA:1109,0
DA:1114,0
DA:1115,0
DA:1119,0
DA:1124,0
DA:1125,0
DA:1129,0
DA:1134,0
DA:1135,0
DA:1139,0
DA:1144,0
DA:1145,0
DA:1149,0
DA:1154,0
DA:1155,0
DA:1159,0
DA:1164,0
DA:1165,0
DA:1169,0
DA:1174,0
DA:1175,0
DA:1179,0
DA:1184,0
DA:1185,0
DA:1189,0
DA:1194,0
DA:1195,0
DA:1199,0
DA:1204,0
DA:1205,0
DA:1209,0
DA:1214,0
DA:1215,0
DA:1219,0
DA:1224,0
DA:1225,0
DA:1229,0
DA:1234,0
DA:1235,0
DA:1239,0
DA:1244,0
DA:1245,0
DA:1249,0
DA:1254,0
DA:1255,0
DA:1259,0
DA:1264,0
DA:1265,0
DA:1269,0
DA:1274,0
DA:1275,0
DA:1279,0
DA:1284,0
DA:1285,0
DA:1289,0
DA:1294,0
DA:1295,0
DA:1299,0
DA:1304,0
DA:1305,0
DA:1309,0
DA:1314,0
DA:1315,0
DA:1319,0
DA:1324,0
DA:1325,0
DA:1329,0
DA:1334,0
DA:1335,0
DA:1339,0
DA:1344,0
DA:1345,0
DA:1349,0
DA:1354,0
DA:1355,0
DA:1359,0
DA:1364,0
DA:1365,0
DA:1369,0
DA:1374,0
DA:1375,0
DA:1379,0
DA:1384,0
DA:1385,0
DA:1389,0
DA:1394,0
DA:1395,0
DA:1399,0
DA:1404,0
DA:1405,0
DA:1409,0
DA:1414,0
DA:1415,0
DA:1419,0
DA:1424,0
DA:1425,0
DA:1429,0
DA:1434,0
DA:1435,0
DA:1439,0
DA:1444,0
DA:1445,0
DA:1449,0
DA:1454,0
DA:1455,0
DA:1459,0
DA:1464,0
DA:1465,0
DA:1469,0
DA:1474,0
DA:1475,0
DA:1479,0
DA:1484,0
DA:1485,0
DA:1489,0
DA:1494,0
DA:1495,0
DA:1499,0
DA:1504,0
DA:1505,0
DA:1509,0
DA:1514,0
DA:1515,0
DA:1519,0
DA:1525,2
DA:1527,1
DA:1534,1
DA:1535,1
DA:1536,1
DA:1537,1
DA:1538,0
DA:1541,1
DA:1542,2
DA:1543,3
LF:467
LH:64
end_of_record
SF:lib/presentation/utils/enums/string_extensions.dart
DA:2,0
DA:6,0
DA:7,0
DA:8,0
DA:13,1
DA:14,1
DA:15,1
DA:16,4
DA:19,2
DA:21,1
LF:10
LH:6
end_of_record
SF:lib/presentation/utils/translation/generated/intl/messages_all.dart
DA:23,3
DA:24,2
DA:25,0
DA:28,1
DA:30,1
DA:31,1
DA:32,0
DA:33,0
DA:40,1
DA:41,1
DA:42,3
DA:43,0
DA:45,0
DA:47,2
DA:48,1
DA:49,3
DA:50,2
DA:51,1
DA:54,1
DA:56,1
DA:62,1
DA:64,1
DA:66,1
LF:23
LH:18
end_of_record
SF:lib/presentation/utils/translation/generated/intl/messages_en.dart
DA:16,3
DA:21,0
DA:24,2
DA:26,1
DA:27,1
DA:29,1
DA:30,1
DA:32,1
DA:34,1
DA:36,1
DA:37,1
DA:39,1
DA:41,1
DA:43,1
DA:45,1
DA:46,1
DA:48,1
DA:50,1
DA:51,1
DA:53,1
DA:55,1
DA:57,1
DA:59,1
DA:61,1
DA:63,1
DA:65,1
DA:67,1
DA:69,1
DA:71,1
DA:73,1
DA:75,1
DA:77,1
DA:78,1
DA:80,1
DA:82,1
DA:84,1
DA:86,1
DA:87,1
DA:90,1
DA:92,1
DA:94,1
DA:96,1
DA:99,1
DA:101,1
DA:103,1
DA:105,1
DA:107,1
DA:109,1
DA:111,1
DA:113,1
DA:114,1
DA:115,1
DA:116,1
DA:117,1
DA:118,1
DA:119,1
DA:121,1
DA:122,1
DA:125,1
DA:126,1
DA:128,1
DA:130,1
DA:132,1
DA:133,1
DA:135,1
DA:137,1
DA:139,1
DA:141,1
DA:143,1
DA:145,1
DA:146,1
DA:147,1
DA:150,1
DA:152,1
DA:155,1
DA:157,1
DA:159,1
DA:161,1
DA:163,1
DA:165,1
DA:167,1
DA:169,1
DA:171,1
DA:172,1
DA:174,1
DA:175,1
DA:176,1
DA:178,1
DA:180,1
DA:182,1
DA:184,1
DA:185,1
DA:186,1
DA:188,1
DA:191,1
DA:193,1
DA:195,1
DA:197,1
DA:199,1
DA:201,1
DA:203,1
DA:205,1
DA:206,1
DA:208,1
DA:210,1
DA:213,1
DA:215,1
DA:217,1
DA:220,1
DA:222,1
DA:224,1
DA:226,1
DA:228,1
DA:229,1
DA:231,1
DA:234,1
DA:236,1
DA:239,1
DA:242,1
DA:244,1
DA:246,1
DA:248,1
DA:250,1
DA:252,1
DA:255,1
DA:258,1
DA:260,1
DA:262,1
DA:264,1
DA:266,1
DA:268,1
DA:270,1
DA:272,1
DA:274,1
DA:275,1
DA:278,1
DA:279,1
DA:282,1
DA:283,1
DA:286,1
DA:288,1
DA:291,1
DA:292,1
DA:293,1
DA:295,1
DA:297,1
DA:299,1
DA:301,1
DA:303,1
LF:149
LH:148
end_of_record
SF:lib/presentation/utils/translation/generated/intl/messages_pl.dart
DA:16,0
DA:21,0
DA:24,0
DA:26,0
DA:27,0
DA:29,0
DA:30,0
DA:32,0
DA:34,0
DA:36,0
DA:37,0
DA:39,0
DA:41,0
DA:43,0
DA:45,0
DA:46,0
DA:48,0
DA:50,0
DA:51,0
DA:53,0
DA:55,0
DA:57,0
DA:59,0
DA:61,0
DA:63,0
DA:65,0
DA:67,0
DA:69,0
DA:71,0
DA:73,0
DA:75,0
DA:77,0
DA:78,0
DA:80,0
DA:82,0
DA:84,0
DA:86,0
DA:87,0
DA:90,0
DA:92,0
DA:94,0
DA:96,0
DA:99,0
DA:101,0
DA:103,0
DA:105,0
DA:107,0
DA:109,0
DA:111,0
DA:113,0
DA:114,0
DA:115,0
DA:116,0
DA:117,0
DA:118,0
DA:119,0
DA:121,0
DA:122,0
DA:125,0
DA:126,0
DA:128,0
DA:130,0
DA:132,0
DA:133,0
DA:135,0
DA:137,0
DA:139,0
DA:141,0
DA:143,0
DA:145,0
DA:146,0
DA:147,0
DA:150,0
DA:152,0
DA:155,0
DA:157,0
DA:159,0
DA:161,0
DA:163,0
DA:165,0
DA:167,0
DA:169,0
DA:171,0
DA:172,0
DA:174,0
DA:175,0
DA:176,0
DA:178,0
DA:180,0
DA:182,0
DA:184,0
DA:185,0
DA:186,0
DA:188,0
DA:191,0
DA:193,0
DA:195,0
DA:197,0
DA:199,0
DA:201,0
DA:203,0
DA:205,0
DA:206,0
DA:208,0
DA:210,0
DA:213,0
DA:215,0
DA:217,0
DA:220,0
DA:222,0
DA:224,0
DA:226,0
DA:228,0
DA:230,0
DA:231,0
DA:233,0
DA:236,0
DA:238,0
DA:241,0
DA:244,0
DA:246,0
DA:248,0
DA:250,0
DA:252,0
DA:254,0
DA:257,0
DA:260,0
DA:262,0
DA:264,0
DA:266,0
DA:268,0
DA:270,0
DA:272,0
DA:274,0
DA:276,0
DA:277,0
DA:280,0
DA:281,0
DA:284,0
DA:285,0
DA:288,0
DA:290,0
DA:293,0
DA:294,0
DA:295,0
DA:297,0
DA:299,0
DA:301,0
DA:303,0
DA:305,0
LF:150
LH:0
end_of_record
SF:lib/data/data_source/authentication_remote_source_impl.dart
DA:14,0
DA:19,0
DA:22,0
DA:23,0
DA:26,0
DA:30,0
DA:33,0
DA:34,0
DA:37,0
DA:41,0
DA:43,0
DA:46,0
DA:50,0
DA:53,0
DA:54,0
DA:55,0
DA:56,0
DA:57,0
DA:61,0
LF:19
LH:0
end_of_record
SF:lib/domain/utils/exception.dart
DA:4,0
LF:1
LH:0
end_of_record
SF:lib/data/data_source/expenses_remote_source_impl.dart
DA:11,0
DA:15,0
DA:18,0
DA:21,0
LF:4
LH:0
end_of_record
SF:lib/data/data_source/osm_map_data_source_impl.dart
DA:11,0
DA:15,0
DA:18,0
DA:19,0
DA:22,0
DA:23,0
LF:6
LH:0
end_of_record
SF:lib/data/data_source/trips_data_source_impl.dart
DA:11,0
DA:15,0
DA:18,0
DA:21,0
LF:4
LH:0
end_of_record
SF:lib/data/repositories/authentication_repo_impl.dart
DA:18,0
DA:22,0
DA:25,0
DA:26,0
DA:27,0
DA:28,0
DA:32,0
DA:35,0
DA:36,0
DA:37,0
DA:38,0
DA:42,0
DA:45,0
DA:52,0
DA:55,0
DA:57,0
DA:58,0
LF:17
LH:0
end_of_record
SF:lib/data/repositories/expenses_repo_impl.dart
DA:13,0
DA:17,0
DA:20,0
DA:21,0
DA:22,0
DA:23,0
LF:6
LH:0
end_of_record
SF:lib/data/repositories/osm_map_repository_impl.dart
DA:11,0
DA:15,0
DA:18,0
DA:19,0
DA:21,0
DA:22,0
DA:23,0
DA:24,0
DA:27,0
DA:30,0
DA:31,0
LF:11
LH:0
end_of_record
SF:lib/data/repositories/trips_repo_impl.dart
DA:13,0
DA:17,0
DA:20,0
LF:3
LH:0
end_of_record
SF:lib/domain/use_case/sign_out_use_case.dart
DA:10,0
DA:14,0
DA:16,0
LF:3
LH:0
end_of_record
SF:lib/injectable/modules/api_module.dart
DA:9,0
DA:10,0
DA:11,0
DA:15,0
DA:16,0
DA:17,0
DA:22,0
LF:7
LH:0
end_of_record
SF:lib/injectable/modules/app_router_module.dart
DA:7,0
DA:8,0
LF:2
LH:0
end_of_record
SF:lib/injectable/modules/firebase_auth_module.dart
DA:6,0
DA:7,0
LF:2
LH:0
end_of_record
SF:lib/injectable/modules/osm_module.dart
DA:8,0
DA:10,0
DA:11,0
DA:15,0
DA:16,0
LF:5
LH:0
end_of_record
SF:lib/injectable/modules/shared_preferences_module.dart
DA:6,0
DA:7,0
LF:2
LH:0
end_of_record
SF:lib/presentation/pages/bloc/app_event.dart
DA:4,0
DA:6,0
DA:7,0
DA:11,0
LF:4
LH:0
end_of_record
SF:lib/presentation/pages/bloc/app_bloc.dart
DA:16,0
DA:17,0
DA:22,0
DA:26,0
DA:28,0
DA:30,0
LF:6
LH:0
end_of_record
SF:lib/presentation/utils/router/app_router.dart
DA:24,0
DA:30,0
DA:31,0
DA:32,0
DA:33,0
DA:34,0
DA:35,0
DA:36,0
DA:37,0
DA:38,0
DA:39,0
DA:40,0
LF:12
LH:0
end_of_record
SF:lib/injectable/injectable.dart
DA:6,0
DA:8,0
DA:9,0
LF:3
LH:0
end_of_record
SF:lib/injectable/modules/auth_interceptor.dart
DA:9,0
DA:11,0
DA:13,0
DA:14,0
DA:16,0
DA:17,0
DA:19,0
DA:23,0
LF:8
LH:0
end_of_record
SF:lib/presentation/pages/authentication_page/widgets/login_form.dart
DA:17,0
DA:28,0
DA:29,0
DA:37,0
DA:39,0
DA:40,0
DA:41,0
DA:44,0
DA:46,0
DA:47,0
DA:48,0
DA:49,0
DA:50,0
DA:51,0
DA:52,0
DA:53,0
DA:54,0
DA:55,0
DA:56,0
DA:57,0
DA:59,0
DA:60,0
DA:61,0
DA:62,0
DA:63,0
DA:65,0
DA:67,0
DA:68,0
DA:69,0
DA:71,0
DA:72,0
DA:74,0
DA:76,0
DA:77,0
DA:78,0
DA:80,0
DA:81,0
DA:83,0
DA:84,0
DA:85,0
DA:86,0
DA:89,0
DA:90,0
DA:91,0
DA:94,0
DA:96,0
DA:98,0
DA:99,0
DA:100,0
DA:101,0
DA:106,0
DA:107,0
DA:108,0
DA:109,0
DA:110,0
DA:112,0
DA:117,0
DA:118,0
DA:126,0
DA:127,0
DA:128,0
DA:129,0
DA:130,0
DA:131,0
LF:64
LH:0
end_of_record
SF:lib/presentation/pages/authentication_page/widgets/register_form.dart
DA:16,0
DA:27,0
DA:28,0
DA:39,0
DA:41,0
DA:42,0
DA:43,0
DA:46,0
DA:48,0
DA:49,0
DA:50,0
DA:51,0
DA:52,0
DA:53,0
DA:54,0
DA:55,0
DA:56,0
DA:57,0
DA:58,0
DA:59,0
DA:61,0
DA:62,0
DA:63,0
DA:64,0
DA:65,0
DA:67,0
DA:69,0
DA:70,0
DA:71,0
DA:73,0
DA:74,0
DA:76,0
DA:78,0
DA:79,0
DA:80,0
DA:82,0
DA:83,0
DA:85,0
DA:87,0
DA:88,0
DA:89,0
DA:91,0
DA:92,0
DA:94,0
DA:95,0
DA:96,0
DA:97,0
DA:100,0
DA:101,0
DA:102,0
DA:107,0
DA:109,0
DA:110,0
DA:111,0
DA:112,0
DA:117,0
DA:118,0
DA:119,0
DA:124,0
DA:125,0
DA:133,0
DA:134,0
DA:135,0
DA:136,0
DA:137,0
DA:138,0
DA:139,0
LF:67
LH:0
end_of_record
SF:lib/presentation/widgets/custom_snack_bar.dart
DA:3,1
DA:8,2
DA:9,1
DA:10,1
DA:11,1
LF:5
LH:5
end_of_record
SF:lib/presentation/widgets/m3_widgets/account_form_container.dart
DA:6,1
DA:13,1
DA:15,1
DA:19,1
DA:28,1
DA:29,2
DA:30,1
DA:31,1
DA:32,1
DA:35,3
DA:37,1
DA:41,3
DA:45,1
LF:13
LH:13
end_of_record
SF:lib/presentation/widgets/m3_widgets/background_container.dart
DA:4,1
DA:15,1
DA:17,1
DA:18,1
DA:19,1
DA:20,1
DA:21,2
DA:24,1
LF:8
LH:8
end_of_record
SF:lib/presentation/utils/validators.dart
DA:6,0
DA:7,0
DA:8,0
DA:9,0
DA:10,0
DA:16,0
DA:21,0
DA:22,0
DA:23,0
DA:24,0
DA:30,1
DA:35,1
DA:36,0
LF:13
LH:2
end_of_record
SF:lib/presentation/widgets/custom_circular_progress_indicator.dart
DA:5,4
DA:7,0
LF:2
LH:1
end_of_record
SF:lib/presentation/widgets/custom_text_field.dart
DA:6,1
DA:33,1
DA:34,1
DA:40,1
DA:42,1
DA:43,3
DA:46,1
DA:48,1
DA:49,2
DA:50,2
DA:51,2
DA:52,2
DA:53,2
DA:54,1
DA:56,2
DA:57,2
DA:58,0
DA:59,1
DA:61,2
DA:62,3
DA:63,2
DA:66,3
DA:67,2
DA:71,1
DA:72,1
DA:73,2
DA:76,1
DA:77,1
DA:78,2
DA:81,2
DA:82,2
DA:83,0
DA:84,0
DA:85,0
DA:86,0
DA:89,2
DA:90,2
LF:37
LH:32
end_of_record
SF:lib/presentation/widgets/m3_widgets/buttons/apple_sing_in_button.dart
DA:8,0
DA:17,0
DA:19,0
DA:20,0
DA:21,0
DA:24,0
DA:25,0
DA:30,0
DA:31,0
DA:32,0
DA:34,0
DA:41,0
DA:42,0
DA:43,0
DA:44,0
LF:15
LH:0
end_of_record
SF:lib/presentation/widgets/m3_widgets/buttons/google_sing_in_button.dart
DA:8,0
DA:17,0
DA:19,0
DA:20,0
DA:21,0
DA:28,0
DA:29,0
DA:33,0
DA:34,0
DA:35,0
DA:41,0
DA:42,0
DA:43,0
DA:44,0
DA:46,0
LF:15
LH:0
end_of_record
SF:lib/presentation/widgets/m3_widgets/buttons/primary_elevated_button.dart
DA:5,1
DA:16,1
DA:18,1
DA:19,1
DA:20,1
DA:21,1
DA:22,3
DA:23,3
DA:25,1
DA:26,1
DA:27,5
LF:11
LH:11
end_of_record
SF:lib/presentation/widgets/m3_widgets/buttons/surface_outlined_button.dart
DA:5,1
DA:14,1
DA:16,1
DA:17,1
DA:18,1
DA:19,3
DA:20,3
DA:22,1
DA:23,1
DA:24,5
LF:10
LH:10
end_of_record
SF:lib/presentation/pages/create_trip_page/create_trip_basic_info_page.dart
DA:27,0
DA:36,0
DA:38,0
DA:39,0
DA:40,0
DA:41,0
DA:42,0
DA:43,0
DA:44,0
DA:48,0
DA:49,0
DA:50,0
DA:51,0
DA:52,0
DA:54,0
DA:56,0
DA:67,2
DA:69,0
DA:70,0
DA:85,0
DA:87,0
DA:88,0
DA:89,0
DA:90,0
DA:91,0
DA:92,0
DA:95,0
DA:97,0
DA:99,0
DA:100,0
DA:101,0
DA:102,0
DA:103,0
DA:104,0
DA:105,0
DA:106,0
DA:107,0
DA:108,0
DA:109,0
DA:110,0
DA:111,0
DA:115,0
DA:116,0
DA:119,0
DA:120,0
DA:121,0
DA:123,0
DA:124,0
DA:125,0
DA:126,0
DA:127,0
DA:128,0
DA:129,0
DA:130,0
DA:131,0
DA:134,0
DA:135,0
DA:136,0
DA:137,0
DA:138,0
DA:139,0
DA:142,0
DA:143,0
DA:144,0
DA:145,0
DA:146,0
DA:147,0
DA:148,0
DA:149,0
DA:150,0
DA:151,0
DA:152,0
DA:153,0
DA:154,0
DA:157,0
DA:159,0
DA:160,0
DA:162,0
DA:164,0
DA:165,0
DA:166,0
DA:177,0
DA:179,0
DA:180,0
DA:181,0
DA:182,0
DA:183,0
LF:87
LH:1
end_of_record
SF:lib/presentation/pages/create_trip_page/widgets/budget_fields.dart
DA:9,0
DA:18,0
DA:20,0
DA:25,0
DA:26,0
DA:27,0
DA:28,0
DA:29,0
DA:31,0
DA:32,0
DA:36,0
DA:37,0
DA:38,0
DA:39,0
DA:40,0
LF:15
LH:0
end_of_record
SF:lib/presentation/pages/create_trip_page/widgets/transport_options.dart
DA:7,0
DA:16,0
DA:17,0
DA:23,0
DA:25,0
DA:26,0
DA:29,0
DA:31,0
DA:34,0
DA:35,0
DA:37,0
DA:38,0
DA:39,0
DA:40,0
DA:41,0
DA:45,0
LF:16
LH:0
end_of_record
SF:lib/presentation/utils/date_format.dart
DA:6,0
DA:7,0
DA:8,0
DA:10,0
DA:11,0
DA:12,0
DA:18,0
DA:19,0
DA:21,0
DA:22,0
DA:23,0
DA:24,0
DA:25,0
DA:27,0
DA:28,0
DA:29,0
DA:31,0
DA:35,0
DA:36,0
DA:37,0
DA:38,0
DA:39,0
DA:40,0
DA:41,0
DA:42,0
DA:43,0
DA:44,0
DA:45,0
DA:46,0
DA:47,0
DA:48,0
DA:49,0
DA:50,0
DA:51,0
DA:52,0
DA:54,0
DA:56,0
DA:60,0
DA:64,0
DA:65,0
LF:40
LH:0
end_of_record
SF:lib/presentation/utils/money_format.dart
DA:4,0
DA:6,0
DA:7,0
DA:8,0
DA:9,0
DA:11,0
DA:12,0
DA:16,0
DA:17,0
DA:18,0
DA:19,0
DA:21,0
DA:22,0
DA:26,0
DA:27,0
DA:28,0
DA:33,0
DA:34,0
DA:35,0
DA:36,0
DA:39,0
DA:45,0
DA:46,0
DA:47,0
DA:48,0
LF:25
LH:0
end_of_record
SF:lib/presentation/widgets/m3_widgets/buttons/proceed_floating_action_button.dart
DA:8,0
DA:15,0
DA:17,0
DA:18,0
DA:22,0
DA:23,0
DA:24,0
DA:25,0
DA:26,0
DA:32,0
LF:10
LH:0
end_of_record
SF:lib/presentation/widgets/m3_widgets/calendar/range_calendar.dart
DA:9,0
DA:13,0
DA:14,0
DA:22,0
DA:24,0
DA:26,0
DA:27,0
DA:28,0
DA:30,0
DA:31,0
DA:32,0
DA:34,0
DA:35,0
DA:36,0
DA:37,0
DA:38,0
DA:39,0
DA:44,0
DA:45,0
DA:46,0
DA:48,0
DA:49,0
DA:50,0
DA:51,0
DA:52,0
DA:54,0
DA:56,0
DA:57,0
DA:59,0
DA:61,0
DA:62,0
DA:66,0
DA:67,0
DA:71,0
DA:72,0
DA:73,0
DA:74,0
DA:75,0
DA:80,0
DA:81,0
DA:82,0
DA:84,0
DA:85,0
DA:86,0
DA:87,0
DA:88,0
DA:89,0
DA:90,0
DA:91,0
DA:92,0
DA:93,0
DA:94,0
DA:96,0
DA:99,0
LF:54
LH:0
end_of_record
SF:lib/presentation/widgets/m3_widgets/error_border_container.dart
DA:6,0
DA:11,0
DA:13,0
DA:15,0
DA:16,0
DA:17,0
DA:19,0
LF:7
LH:0
end_of_record
SF:lib/presentation/widgets/m3_widgets/text_fields/location_search_text_field.dart
DA:14,0
DA:18,0
DA:19,0
DA:25,0
DA:27,0
DA:28,0
DA:31,0
DA:32,0
DA:33,0
DA:35,0
DA:36,0
DA:38,0
DA:42,0
DA:43,0
DA:47,0
DA:48,0
DA:57,0
DA:58,0
DA:59,0
DA:61,0
DA:63,0
DA:65,0
DA:67,0
DA:68,0
DA:70,0
DA:71,0
DA:72,0
DA:75,0
DA:76,0
DA:77,0
DA:83,0
DA:84,0
DA:85,0
DA:90,0
DA:92,0
DA:93,0
LF:36
LH:0
end_of_record
SF:lib/presentation/widgets/m3_widgets/text_fields/currency_text_field.dart
DA:9,1
DA:20,1
DA:21,1
DA:25,1
DA:27,1
DA:29,2
DA:31,1
DA:32,2
DA:33,1
DA:34,1
DA:37,2
DA:43,2
DA:44,1
DA:45,4
DA:48,4
DA:49,3
DA:52,1
DA:53,0
DA:54,0
DA:55,0
LF:20
LH:17
end_of_record
SF:lib/presentation/pages/create_trip_page/widgets/transport_button.dart
DA:10,0
DA:21,0
DA:23,0
DA:25,0
DA:26,0
DA:27,0
DA:28,0
DA:32,0
DA:33,0
DA:34,0
DA:36,0
DA:37,0
DA:38,0
DA:39,0
DA:40,0
DA:41,0
DA:43,0
DA:44,0
DA:47,0
LF:19
LH:0
end_of_record
SF:lib/presentation/pages/home_page/home_page.dart
DA:13,2
DA:17,0
DA:18,0
DA:26,0
DA:28,0
DA:29,0
DA:32,0
DA:34,0
DA:35,0
DA:36,0
DA:39,0
DA:40,0
DA:41,0
DA:42,0
DA:43,0
DA:44,0
DA:45,0
DA:47,0
DA:55,0
DA:56,0
DA:57,0
DA:59,0
DA:68,0
DA:70,0
DA:71,0
LF:25
LH:1
end_of_record
SF:lib/presentation/pages/home_page/page_view/dashboard.dart
DA:10,2
DA:12,0
DA:14,0
DA:15,0
DA:17,0
DA:19,0
DA:23,0
DA:24,0
DA:25,0
DA:26,0
DA:27,0
DA:41,0
DA:47,0
DA:49,0
DA:51,0
DA:55,0
DA:66,0
DA:68,0
DA:72,0
LF:19
LH:1
end_of_record
SF:lib/presentation/pages/home_page/page_view/trips.dart
DA:12,2
DA:19,0
DA:21,0
DA:23,0
DA:29,0
DA:33,0
DA:34,0
DA:35,0
DA:37,0
DA:38,0
DA:39,0
DA:40,0
DA:42,0
DA:43,0
DA:44,0
DA:59,0
DA:60,0
DA:61,0
DA:62,0
DA:64,0
DA:66,0
DA:67,0
DA:68,0
DA:69,0
DA:70,0
DA:72,0
DA:74,0
DA:75,0
DA:76,0
DA:77,0
DA:78,0
DA:80,0
LF:32
LH:1
end_of_record
SF:lib/presentation/widgets/m3_widgets/bottom_navigation_bar/bottom_nav_items.dart
DA:15,0
DA:16,0
DA:17,0
DA:20,0
DA:21,0
DA:22,0
LF:6
LH:0
end_of_record
SF:lib/presentation/widgets/m3_widgets/bottom_navigation_bar/custom_bottom_nav_bar.dart
DA:9,0
DA:18,0
DA:19,0
DA:25,0
DA:26,0
DA:29,0
DA:31,0
DA:32,0
DA:34,0
DA:35,0
DA:36,0
DA:40,0
DA:46,0
DA:48,0
DA:49,0
DA:50,0
DA:52,0
DA:53,0
DA:56,0
LF:19
LH:0
end_of_record
SF:lib/presentation/widgets/m3_widgets/custom_drawer.dart
DA:6,4
DA:10,0
DA:12,0
DA:13,0
DA:15,0
DA:16,0
DA:18,0
DA:19,0
DA:21,0
LF:9
LH:1
end_of_record
SF:lib/presentation/widgets/m3_widgets/profile_app_bar.dart
DA:9,2
DA:16,0
DA:18,0
DA:20,0
DA:25,0
DA:26,0
DA:27,0
DA:28,0
DA:31,0
DA:32,0
DA:34,0
DA:35,0
DA:36,0
DA:37,0
DA:41,0
DA:43,0
DA:46,0
DA:47,0
DA:49,0
DA:50,0
DA:51,0
DA:55,0
DA:63,0
LF:23
LH:1
end_of_record
SF:lib/presentation/widgets/m3_widgets/cards/elevated_info_card.dart
DA:13,4
DA:32,0
DA:33,0
DA:35,0
DA:38,0
DA:39,0
DA:40,0
DA:43,0
DA:46,0
DA:47,0
DA:48,0
DA:49,0
DA:52,0
DA:53,0
DA:54,0
DA:64,0
DA:65,0
DA:66,0
DA:71,0
DA:73,0
DA:76,0
DA:77,0
DA:78,0
DA:82,0
DA:83,0
DA:84,0
DA:85,0
LF:27
LH:1
end_of_record
SF:lib/presentation/widgets/m3_widgets/cards/outlined_trip_card.dart
DA:13,6
DA:34,0
DA:36,0
DA:39,0
DA:40,0
DA:41,0
DA:43,0
DA:45,0
DA:46,0
DA:47,0
DA:51,0
DA:53,0
DA:54,0
DA:55,0
DA:57,0
DA:58,0
DA:60,0
DA:61,0
DA:62,0
DA:63,0
DA:64,0
DA:65,0
DA:68,0
DA:71,0
DA:72,0
DA:73,0
DA:75,0
DA:76,0
DA:77,0
DA:79,0
DA:82,0
DA:83,0
DA:84,0
DA:90,0
DA:92,0
DA:93,0
DA:95,0
DA:98,0
DA:99,0
DA:100,0
DA:108,0
DA:113,0
DA:115,0
DA:116,0
DA:118,0
DA:120,0
DA:122,0
LF:47
LH:1
end_of_record
SF:lib/presentation/widgets/m3_widgets/cards/elevated_selection_card.dart
DA:7,0
DA:22,0
DA:24,0
DA:27,0
DA:28,0
DA:29,0
DA:30,0
DA:31,0
DA:32,0
DA:33,0
DA:34,0
DA:35,0
DA:42,0
DA:45,0
DA:46,0
DA:47,0
DA:48,0
DA:50,0
DA:52,0
DA:53,0
DA:54,0
DA:63,0
DA:64,0
DA:65,0
DA:71,0
DA:72,0
DA:73,0
DA:74,0
LF:28
LH:0
end_of_record
SF:lib/presentation/pages/planned_trips_m3_page/planned_trips_m3_page.dart
DA:14,2
DA:16,0
DA:18,0
DA:19,0
DA:20,0
DA:23,0
DA:24,0
DA:25,0
DA:27,0
DA:29,0
DA:40,0
DA:42,0
DA:43,0
DA:44,0
DA:45,0
DA:46,0
DA:47,0
LF:17
LH:1
end_of_record
SF:lib/presentation/widgets/m3_widgets/buttons/custom_floating_actiom_button.dart
DA:6,0
DA:15,0
DA:17,0
DA:18,0
DA:19,0
DA:20,0
LF:6
LH:0
end_of_record
SF:lib/presentation/widgets/m3_widgets/cards/elevated_trip_card.dart
DA:15,2
DA:42,0
DA:44,0
DA:45,0
DA:47,0
DA:48,0
DA:50,0
DA:52,0
DA:53,0
DA:59,0
DA:61,0
DA:62,0
DA:64,0
DA:67,0
DA:68,0
DA:70,0
DA:71,0
DA:72,0
DA:73,0
DA:76,0
DA:79,0
DA:80,0
DA:81,0
DA:86,0
DA:87,0
DA:88,0
DA:90,0
DA:92,0
DA:97,0
DA:99,0
DA:100,0
DA:105,0
DA:106,0
DA:107,0
DA:108,0
DA:109,0
DA:110,0
DA:111,0
DA:113,0
DA:115,0
DA:118,0
DA:120,0
DA:121,0
DA:126,0
DA:127,0
DA:128,0
DA:130,0
DA:132,0
DA:135,0
DA:137,0
DA:138,0
DA:148,0
DA:150,0
DA:152,0
DA:153,0
DA:155,0
DA:158,0
DA:160,0
LF:58
LH:1
end_of_record
SF:lib/presentation/widgets/m3_widgets/custom_alert_dialog.dart
DA:9,0
DA:30,0
DA:32,0
DA:33,0
DA:34,0
DA:35,0
DA:36,0
DA:38,0
DA:39,0
DA:40,0
DA:41,0
DA:43,0
DA:44,0
DA:45,0
DA:46,0
DA:49,0
DA:50,0
DA:51,0
DA:52,0
DA:53,0
DA:54,0
DA:57,0
DA:58,0
DA:61,0
DA:62,0
DA:63,0
DA:64,0
DA:65,0
DA:68,0
DA:69,0
DA:70,0
LF:31
LH:0
end_of_record
SF:lib/presentation/pages/settings_page/settings_page.dart
DA:13,2
DA:15,0
DA:16,0
DA:20,0
DA:22,0
DA:23,0
DA:24,0
DA:26,0
DA:27,0
DA:28,0
DA:36,0
DA:37,0
DA:42,0
DA:44,0
DA:46,0
DA:47,0
DA:48,0
DA:51,0
DA:53,0
DA:55,0
DA:57,0
DA:58,0
DA:59,0
DA:62,0
DA:64,0
DA:66,0
DA:68,0
DA:69,0
DA:70,0
DA:73,0
DA:75,0
DA:77,0
LF:32
LH:1
end_of_record
SF:lib/presentation/pages/settings_page/widgets/custom_elevated_selection_card.dart
DA:9,0
DA:32,0
DA:34,0
DA:36,0
DA:37,0
DA:39,0
DA:40,0
DA:41,0
DA:42,0
DA:43,0
DA:44,0
DA:45,0
DA:46,0
DA:49,0
DA:50,0
DA:51,0
DA:52,0
DA:53,0
DA:54,0
LF:19
LH:0
end_of_record
SF:lib/presentation/widgets/keys/widgets_keys.dart
DA:4,0
DA:6,0
LF:2
LH:0
end_of_record
SF:lib/presentation/pages/test_m3_page/test_m3_page.dart
DA:19,2
DA:21,0
DA:22,0
DA:28,0
DA:29,0
DA:30,0
DA:34,0
DA:35,0
DA:42,0
DA:43,0
DA:45,0
DA:46,0
DA:49,0
DA:50,0
DA:52,0
DA:53,0
DA:62,0
DA:63,0
DA:65,0
DA:66,0
DA:77,0
DA:78,0
DA:81,0
DA:82,0
DA:84,0
DA:85,0
DA:86,0
DA:88,0
DA:91,0
DA:93,0
DA:94,0
DA:97,0
DA:99,0
DA:112,0
DA:115,0
DA:127,0
DA:129,0
DA:132,0
DA:166,0
DA:168,0
DA:171,0
DA:174,0
DA:177,0
DA:178,0
DA:180,0
DA:186,0
DA:187,0
DA:191,0
DA:192,0
DA:196,0
DA:197,0
DA:201,0
DA:202,0
DA:206,0
DA:207,0
DA:216,0
DA:218,0
DA:221,0
DA:223,0
DA:234,0
DA:236,0
DA:238,0
DA:240,0
DA:242,0
DA:244,0
DA:247,0
DA:249,0
DA:251,0
DA:253,0
DA:255,0
DA:257,0
DA:260,0
DA:262,0
DA:264,0
DA:266,0
DA:268,0
DA:270,0
DA:273,0
DA:275,0
DA:277,0
DA:279,0
DA:281,0
DA:283,0
DA:286,0
DA:288,0
DA:290,0
DA:292,0
DA:294,0
DA:296,0
DA:321,0
DA:333,0
DA:337,0
DA:352,0
DA:353,0
DA:355,0
DA:356,0
LF:96
LH:1
end_of_record
SF:lib/presentation/widgets/m3_widgets/cards/expandable_info_card.dart
DA:7,4
DA:34,0
DA:35,0
DA:41,0
DA:43,0
DA:44,0
DA:47,0
DA:48,0
DA:49,0
DA:53,0
DA:55,0
DA:56,0
DA:57,0
DA:58,0
DA:59,0
DA:60,0
DA:61,0
DA:62,0
DA:63,0
DA:64,0
DA:65,0
DA:67,0
DA:68,0
DA:69,0
DA:70,0
DA:71,0
DA:72,0
DA:73,0
DA:74,0
DA:75,0
DA:76,0
DA:77,0
DA:79,0
LF:33
LH:1
end_of_record
SF:lib/presentation/widgets/m3_widgets/cards/outlined_info_card.dart
DA:14,2
DA:33,0
DA:35,0
DA:36,0
DA:37,0
DA:38,0
DA:41,0
DA:43,0
DA:44,0
DA:51,0
DA:53,0
DA:54,0
DA:59,0
DA:62,0
DA:63,0
DA:65,0
DA:66,0
DA:67,0
DA:68,0
DA:69,0
DA:74,0
DA:77,0
DA:78,0
DA:86,0
DA:87,0
DA:90,0
DA:97,0
DA:98,0
DA:99,0
DA:102,0
DA:105,0
DA:111,0
DA:123,0
LF:33
LH:1
end_of_record
SF:lib/presentation/widgets/m3_widgets/trip_tally_progress_indicator.dart
DA:7,2
DA:9,0
DA:10,0
DA:18,0
DA:20,0
DA:21,0
DA:24,0
DA:26,0
DA:27,0
DA:28,0
DA:33,0
DA:34,0
DA:35,0
DA:36,0
DA:37,0
DA:39,0
DA:40,0
DA:41,0
DA:45,0
DA:46,0
DA:47,0
DA:48,0
DA:49,0
DA:52,0
DA:55,0
DA:57,0
DA:58,0
DA:61,0
DA:63,0
DA:64,0
DA:66,0
DA:67,0
DA:69,0
DA:70,0
DA:71,0
DA:72,0
DA:74,0
DA:75,0
DA:76,0
DA:77,0
DA:78,0
DA:79,0
DA:80,0
DA:83,0
DA:89,0
DA:96,0
DA:97,0
DA:107,0
DA:116,0
DA:117,0
DA:123,0
DA:125,0
DA:126,0
DA:127,0
DA:130,0
DA:131,0
DA:132,0
DA:133,0
DA:134,0
DA:139,0
DA:141,0
DA:142,0
DA:145,0
DA:147,0
DA:149,0
DA:150,0
DA:151,0
LF:67
LH:1
end_of_record
SF:lib/presentation/pages/trips_history_page/trips_history_page.dart
DA:10,2
DA:12,0
DA:13,0
DA:19,0
DA:21,0
DA:22,0
DA:25,0
DA:27,0
DA:28,0
DA:29,0
DA:30,0
DA:31,0
DA:32,0
DA:40,0
DA:42,0
DA:43,0
LF:16
LH:1
end_of_record
SF:lib/presentation/pages/trips_history_page/widgets/trips_history_search_bar.dart
DA:6,0
DA:10,0
DA:12,0
DA:14,0
DA:15,0
DA:16,0
DA:21,0
DA:22,0
DA:23,0
DA:24,0
LF:10
LH:0
end_of_record
SF:lib/presentation/widgets/m3_widgets/buttons/filter_list_segmented_button.dart
DA:10,2
DA:12,0
DA:13,0
DA:44,0
DA:46,0
DA:47,0
DA:48,0
DA:49,0
DA:51,0
DA:54,0
DA:57,0
DA:58,0
DA:60,0
DA:61,0
DA:65,0
DA:67,0
DA:68,0
DA:72,0
DA:74,0
DA:75,0
DA:82,0
DA:83,0
DA:85,0
DA:86,0
DA:87,0
DA:88,0
LF:26
LH:1
end_of_record
SF:lib/presentation/pages/welcome_page/welcome_page.dart
DA:26,1
DA:37,1
DA:39,1
DA:41,1
DA:42,2
DA:43,1
DA:44,2
DA:45,0
DA:46,0
DA:48,1
DA:50,2
DA:59,1
DA:63,1
DA:64,1
DA:74,1
DA:76,2
DA:77,2
DA:78,2
DA:79,1
DA:82,1
DA:84,1
DA:85,1
DA:86,1
DA:87,1
DA:88,1
DA:89,1
DA:91,1
DA:94,1
DA:95,3
DA:96,1
DA:97,0
DA:98,0
DA:102,1
DA:103,1
DA:104,1
DA:105,1
DA:107,1
DA:110,1
DA:111,1
DA:112,2
DA:113,0
DA:118,1
DA:119,2
DA:120,1
DA:121,3
DA:122,0
DA:123,0
DA:124,0
DA:125,0
DA:126,0
DA:127,0
DA:138,3
DA:143,1
DA:145,2
DA:146,2
DA:147,2
DA:148,1
LF:57
LH:46
end_of_record
SF:lib/presentation/pages/welcome_page/widgets/welcome_page_form_fields.dart
DA:12,1
DA:23,1
DA:25,1
DA:27,1
DA:28,1
DA:29,1
DA:31,2
DA:32,1
DA:33,1
DA:34,1
DA:37,2
DA:42,1
DA:43,1
DA:44,0
DA:47,1
DA:48,1
DA:49,2
DA:50,2
DA:53,4
LF:19
LH:18
end_of_record
SF:lib/presentation/pages/welcome_page/widgets/welcome_page_headline.dart
DA:6,2
DA:8,1
DA:10,1
DA:11,1
DA:12,1
DA:13,2
DA:14,2
DA:15,4
DA:16,1
DA:17,2
DA:18,2
DA:19,4
DA:20,1
DA:21,2
DA:22,2
DA:23,4
LF:16
LH:16
end_of_record
SF:lib/presentation/widgets/m3_widgets/avatar_picker.dart
DA:19,1
DA:23,1
DA:24,1
DA:31,1
DA:33,1
DA:34,2
DA:35,3
DA:36,0
DA:37,2
DA:39,1
DA:42,1
DA:43,3
DA:44,1
DA:46,1
DA:47,1
DA:50,1
DA:51,2
DA:52,1
DA:53,1
DA:61,1
DA:64,1
DA:65,2
DA:73,4
DA:78,1
DA:80,0
DA:82,0
DA:83,0
DA:84,0
DA:86,0
DA:87,0
DA:90,0
DA:91,0
DA:96,0
DA:97,0
DA:98,0
DA:99,0
LF:36
LH:23
end_of_record
SF:lib/presentation/widgets/m3_widgets/text_fields/country_text_field.dart
DA:8,1
DA:17,1
DA:18,1
DA:22,1
DA:23,1
DA:25,2
DA:27,1
DA:28,2
DA:29,1
DA:30,1
DA:33,2
DA:38,2
DA:39,1
DA:40,3
DA:41,3
DA:43,1
DA:44,0
DA:45,0
DA:46,0
DA:47,0
LF:20
LH:16
end_of_record
SF:lib/presentation/utils/image_picker_helper.dart
DA:9,0
DA:11,0
DA:13,0
DA:23,0
DA:24,0
DA:26,0
DA:27,0
DA:28,0
DA:29,0
DA:30,0
DA:31,0
DA:32,0
DA:33,0
DA:35,0
DA:36,0
DA:37,0
DA:38,0
DA:39,0
DA:48,1
DA:52,1
DA:55,1
DA:56,1
DA:58,1
DA:59,1
DA:60,1
DA:61,1
DA:64,2
DA:66,1
DA:67,2
DA:68,2
DA:70,0
DA:72,1
DA:73,1
DA:76,2
DA:78,1
DA:79,2
DA:80,2
DA:82,0
LF:38
LH:18
end_of_record
SF:lib/presentation/utils/locations_format.dart
DA:10,0
DA:11,0
DA:12,0
DA:13,0
DA:14,0
DA:17,0
DA:19,0
LF:7
LH:0
end_of_record
SF:lib/presentation/widgets/m3_widgets/bottom_navigation_bar/bottom_nav_bar_icon.dart
DA:9,0
DA:18,0
DA:20,0
DA:21,0
DA:25,0
DA:26,0
DA:27,0
DA:29,0
DA:30,0
DA:32,0
DA:34,0
LF:11
LH:0
end_of_record
SF:lib/presentation/widgets/m3_widgets/bottom_navigation_bar/bottom_nav_bar_label.dart
DA:5,0
DA:14,0
DA:16,0
DA:17,0
DA:18,0
DA:19,0
DA:20,0
DA:21,0
LF:8
LH:0
end_of_record
SF:lib/presentation/widgets/m3_widgets/bottom_navigation_bar/bottom_nav_item.dart
DA:8,0
DA:19,0
DA:21,0
DA:23,0
DA:24,0
DA:26,0
DA:27,0
DA:29,0
DA:30,0
DA:31,0
LF:10
LH:0
end_of_record
SF:lib/presentation/widgets/m3_widgets/buttons/custom_drawer_action.dart
DA:8,2
DA:12,0
DA:14,0
DA:16,0
DA:18,0
DA:21,0
LF:6
LH:1
end_of_record
SF:lib/presentation/widgets/m3_widgets/buttons/warning_outlined_button.dart
DA:5,0
DA:14,0
DA:16,0
DA:17,0
DA:18,0
DA:19,0
DA:20,0
DA:22,0
DA:23,0
DA:24,0
LF:10
LH:0
end_of_record
SF:lib/presentation/widgets/m3_widgets/calendar/widgets/calendar_title.dart
DA:7,0
DA:18,0
DA:20,0
DA:22,0
DA:23,0
DA:24,0
DA:26,0
DA:27,0
DA:28,0
DA:29,0
DA:31,0
DA:32,0
DA:34,0
DA:35,0
DA:36,0
DA:37,0
DA:38,0
DA:39,0
DA:42,0
DA:43,0
DA:44,0
DA:45,0
DA:46,0
DA:48,0
LF:24
LH:0
end_of_record
SF:lib/presentation/widgets/m3_widgets/outlined_circle_country_flag.dart
DA:6,0
DA:13,0
DA:15,0
DA:20,0
DA:21,0
DA:24,0
DA:25,0
LF:7
LH:0
end_of_record
SF:lib/presentation/widgets/m3_widgets/transport_circle.dart
DA:9,0
DA:18,0
DA:20,0
DA:22,0
DA:24,0
DA:25,0
DA:27,0
DA:28,0
DA:29,0
LF:9
LH:0
end_of_record
SF:lib/presentation/widgets/m3_widgets/money_container.dart
DA:14,0
DA:15,0
DA:16,0
DA:17,0
DA:20,0
DA:21,0
DA:22,0
DA:23,0
DA:28,0
DA:43,0
DA:45,0
DA:46,0
DA:51,0
DA:52,0
DA:53,0
DA:57,0
DA:58,0
DA:60,0
DA:61,0
DA:64,0
DA:66,0
DA:70,0
DA:74,0
DA:75,0
DA:76,0
DA:78,0
LF:26
LH:0
end_of_record
SF:lib/presentation/widgets/m3_widgets/rectangular_country_flag.dart
DA:7,0
DA:14,0
DA:16,0
DA:17,0
LF:4
LH:0
end_of_record
SF:lib/presentation/widgets/m3_widgets/profile_avatar.dart
DA:7,0
DA:15,0
DA:17,0
DA:18,0
DA:19,0
DA:20,0
DA:21,0
DA:22,0
DA:24,0
LF:9
LH:0
end_of_record
SF:lib/presentation/pages/authentication_page/bloc/authentication_state.dart
LF:0
LH:0
end_of_record
SF:lib/presentation/pages/welcome_page/bloc/update_user_profile_state.dart
LF:0
LH:0
end_of_record
SF:lib/presentation/utils/permissions/bloc/permissions_state.dart
LF:0
LH:0
end_of_record
SF:lib/presentation/widgets/m3_widgets/maps/osm_bloc/osm_suggestions_state.dart
LF:0
LH:0
end_of_record
SF:lib/presentation/pages/bloc/app_state.dart
LF:0
LH:0
end_of_record
